samples/CompleteReader/app/build/intermediates/manifest_merge_blame_file/debug/manifest-merger-blame-debug-report.txt
1<?xml version="1.0" encoding="utf-8"?>
2<manifest xmlns:android="http://schemas.android.com/apk/res/android"
3    package="com.pdftron.completereader"
4    android:versionCode="1"
5    android:versionName="1.0" >
6
7    <uses-sdk
8        android:minSdkVersion="16"
8-->src\main\AndroidManifest.xml
9        android:targetSdkVersion="31" />
9-->src\main\AndroidManifest.xml
10
11    <uses-permission android:name="android.permission.INTERNET" />
11-->src\main\AndroidManifest.xml:5:5-67
11-->src\main\AndroidManifest.xml:5:22-64
12    <uses-permission android:name="android.permission.ACCESS_NETWORK_STATE" />
12-->src\main\AndroidManifest.xml:6:5-79
12-->src\main\AndroidManifest.xml:6:22-76
13    <uses-permission android:name="android.permission.WRITE_EXTERNAL_STORAGE" />
13-->src\main\AndroidManifest.xml:7:5-81
13-->src\main\AndroidManifest.xml:7:22-78
14    <uses-permission android:name="android.permission.VIBRATE" />
14-->src\main\AndroidManifest.xml:8:5-66
14-->src\main\AndroidManifest.xml:8:22-63
15    <uses-permission android:name="android.permission.RECORD_AUDIO" />
15-->src\main\AndroidManifest.xml:9:5-71
15-->src\main\AndroidManifest.xml:9:22-68
16
17    <application
17-->src\main\AndroidManifest.xml:11:5-451:19
18        android:name="androidx.multidex.MultiDexApplication"
18-->src\main\AndroidManifest.xml:12:9-61
19        android:allowBackup="true"
19-->src\main\AndroidManifest.xml:13:9-35
20        android:appComponentFactory="androidx.core.app.CoreComponentFactory"
20-->[androidx.core:core:1.5.0] AndroidManifest.xml:24:18-86
21        android:debuggable="true"
22        android:icon="@mipmap/ic_launcher"
22-->src\main\AndroidManifest.xml:14:9-43
23        android:label="@string/app_name"
23-->src\main\AndroidManifest.xml:15:9-41
24        android:largeHeap="true"
24-->src\main\AndroidManifest.xml:16:9-33
25        android:requestLegacyExternalStorage="true"
25-->src\main\AndroidManifest.xml:17:9-52
26        android:roundIcon="@mipmap/ic_launcher_round"
26-->src\main\AndroidManifest.xml:18:9-54
27        android:supportsRtl="true"
27-->src\main\AndroidManifest.xml:19:9-35
28        android:testOnly="true"
29        android:theme="@style/AppTheme"
29-->src\main\AndroidManifest.xml:20:9-40
30        android:usesCleartextTraffic="true" >
30-->src\main\AndroidManifest.xml:21:9-44
31        <meta-data
32            android:name="pdftron_license_key"
32-->src\main\AndroidManifest.xml:24:13-47
33            android:value="YOUR_LICENSE_KEY" />
33-->src\main\AndroidManifest.xml:25:13-49
34
35        <activity
35-->src\main\AndroidManifest.xml:27:9-34:20
36            android:name="com.pdftron.completereader.MainActivity"
36-->src\main\AndroidManifest.xml:27:19-47
37            android:exported="true" >
37-->src\main\AndroidManifest.xml:27:48-71
38            <intent-filter>
38-->src\main\AndroidManifest.xml:28:13-32:29
39                <action android:name="android.intent.action.MAIN" />
39-->src\main\AndroidManifest.xml:29:17-69
39-->src\main\AndroidManifest.xml:29:25-66
40
41                <category android:name="android.intent.category.LAUNCHER" />
41-->src\main\AndroidManifest.xml:31:17-77
41-->src\main\AndroidManifest.xml:31:27-74
42            </intent-filter>
43        </activity>
44        <activity
44-->src\main\AndroidManifest.xml:36:9-40:55
45            android:name="com.pdftron.pdf.controls.DiffActivity"
45-->src\main\AndroidManifest.xml:37:13-65
46            android:configChanges="keyboardHidden|orientation|screenSize|screenLayout|smallestScreenSize"
46-->src\main\AndroidManifest.xml:38:13-106
47            android:theme="@style/NewUiAppTheme"
47-->src\main\AndroidManifest.xml:39:13-49
48            android:windowSoftInputMode="adjustPan" />
48-->src\main\AndroidManifest.xml:40:13-52
49        <activity
49-->src\main\AndroidManifest.xml:42:9-46:55
50            android:name="com.pdftron.demo.app.SimpleReaderActivity"
50-->src\main\AndroidManifest.xml:43:13-69
51            android:configChanges="keyboardHidden|orientation|screenSize|screenLayout|smallestScreenSize"
51-->src\main\AndroidManifest.xml:44:13-106
52            android:theme="@style/NewUiAppTheme"
52-->src\main\AndroidManifest.xml:45:13-49
53            android:windowSoftInputMode="adjustPan" />
53-->src\main\AndroidManifest.xml:46:13-52
54        <activity
54-->src\main\AndroidManifest.xml:48:9-445:20
55            android:name="com.pdftron.demo.app.AdvancedReaderActivity"
55-->src\main\AndroidManifest.xml:49:13-71
56            android:configChanges="keyboardHidden|orientation|screenSize|screenLayout|smallestScreenSize"
56-->src\main\AndroidManifest.xml:51:13-106
57            android:exported="true"
57-->src\main\AndroidManifest.xml:50:13-36
58            android:theme="@style/NewUiAppTheme"
58-->src\main\AndroidManifest.xml:52:13-49
59            android:windowSoftInputMode="adjustPan" >
59-->src\main\AndroidManifest.xml:53:13-52
60            <intent-filter>
60-->src\main\AndroidManifest.xml:55:13-75:29
61                <action android:name="android.intent.action.VIEW" />
61-->src\main\AndroidManifest.xml:56:17-69
61-->src\main\AndroidManifest.xml:56:25-66
62                <action android:name="android.intent.action.EDIT" />
62-->src\main\AndroidManifest.xml:57:17-69
62-->src\main\AndroidManifest.xml:57:25-66
63
64                <category android:name="android.intent.category.DEFAULT" />
64-->src\main\AndroidManifest.xml:59:17-76
64-->src\main\AndroidManifest.xml:59:27-73
65
66                <data android:mimeType="application/pdf" />
66-->src\main\AndroidManifest.xml:61:17-60
66-->src\main\AndroidManifest.xml:61:23-57
67                <data android:mimeType="application/vnd.openxmlformats-officedocument.wordprocessingml.document" />
67-->src\main\AndroidManifest.xml:61:17-60
67-->src\main\AndroidManifest.xml:61:23-57
68                <data android:mimeType="application/vnd.openxmlformats-officedocument.presentationml.presentation" />
68-->src\main\AndroidManifest.xml:61:17-60
68-->src\main\AndroidManifest.xml:61:23-57
69                <data android:mimeType="application/vnd.openxmlformats-officedocument.spreadsheetml.sheet" />
69-->src\main\AndroidManifest.xml:61:17-60
69-->src\main\AndroidManifest.xml:61:23-57
70                <data android:mimeType="application/msword" />
70-->src\main\AndroidManifest.xml:61:17-60
70-->src\main\AndroidManifest.xml:61:23-57
71                <data android:mimeType="application/vnd.ms-excel" />
71-->src\main\AndroidManifest.xml:61:17-60
71-->src\main\AndroidManifest.xml:61:23-57
72                <data android:mimeType="application/vnd.ms-powerpoint" />
72-->src\main\AndroidManifest.xml:61:17-60
72-->src\main\AndroidManifest.xml:61:23-57
73                <data android:mimeType="image/jpeg" />
73-->src\main\AndroidManifest.xml:61:17-60
73-->src\main\AndroidManifest.xml:61:23-57
74                <data android:mimeType="image/gif" />
74-->src\main\AndroidManifest.xml:61:17-60
74-->src\main\AndroidManifest.xml:61:23-57
75                <data android:mimeType="image/png" />
75-->src\main\AndroidManifest.xml:61:17-60
75-->src\main\AndroidManifest.xml:61:23-57
76                <data android:mimeType="image/tiff" />
76-->src\main\AndroidManifest.xml:61:17-60
76-->src\main\AndroidManifest.xml:61:23-57
77                <data android:mimeType="application/x-cbr" />
77-->src\main\AndroidManifest.xml:61:17-60
77-->src\main\AndroidManifest.xml:61:23-57
78                <data android:mimeType="text/markdown" />
78-->src\main\AndroidManifest.xml:61:17-60
78-->src\main\AndroidManifest.xml:61:23-57
79                <data android:mimeType="text/plain" />
79-->src\main\AndroidManifest.xml:61:17-60
79-->src\main\AndroidManifest.xml:61:23-57
80            </intent-filter>
81            <intent-filter>
81-->src\main\AndroidManifest.xml:77:13-211:29
82                <action android:name="android.intent.action.VIEW" />
82-->src\main\AndroidManifest.xml:56:17-69
82-->src\main\AndroidManifest.xml:56:25-66
83                <action android:name="android.intent.action.EDIT" />
83-->src\main\AndroidManifest.xml:57:17-69
83-->src\main\AndroidManifest.xml:57:25-66
84
85                <category android:name="android.intent.category.DEFAULT" />
85-->src\main\AndroidManifest.xml:59:17-76
85-->src\main\AndroidManifest.xml:59:27-73
86
87                <data
87-->src\main\AndroidManifest.xml:61:17-60
88                    android:host="*"
88-->src\main\AndroidManifest.xml:84:21-37
89                    android:pathPattern=".*\\.pdf"
89-->src\main\AndroidManifest.xml:85:21-51
90                    android:scheme="file" />
90-->src\main\AndroidManifest.xml:86:21-42
91                <data
91-->src\main\AndroidManifest.xml:61:17-60
92                    android:host="*"
92-->src\main\AndroidManifest.xml:84:21-37
93                    android:pathPattern=".*\\.PDF"
93-->src\main\AndroidManifest.xml:85:21-51
94                    android:scheme="file" />
94-->src\main\AndroidManifest.xml:86:21-42
95                <data
95-->src\main\AndroidManifest.xml:61:17-60
96                    android:host="*"
96-->src\main\AndroidManifest.xml:84:21-37
97                    android:pathPattern=".*\\.doc"
97-->src\main\AndroidManifest.xml:85:21-51
98                    android:scheme="file" />
98-->src\main\AndroidManifest.xml:86:21-42
99                <data
99-->src\main\AndroidManifest.xml:61:17-60
100                    android:host="*"
100-->src\main\AndroidManifest.xml:84:21-37
101                    android:pathPattern=".*\\.DOC"
101-->src\main\AndroidManifest.xml:85:21-51
102                    android:scheme="file" />
102-->src\main\AndroidManifest.xml:86:21-42
103                <data
103-->src\main\AndroidManifest.xml:61:17-60
104                    android:host="*"
104-->src\main\AndroidManifest.xml:84:21-37
105                    android:pathPattern=".*\\.docx"
105-->src\main\AndroidManifest.xml:85:21-51
106                    android:scheme="file" />
106-->src\main\AndroidManifest.xml:86:21-42
107                <data
107-->src\main\AndroidManifest.xml:61:17-60
108                    android:host="*"
108-->src\main\AndroidManifest.xml:84:21-37
109                    android:pathPattern=".*\\.DOCX"
109-->src\main\AndroidManifest.xml:85:21-51
110                    android:scheme="file" />
110-->src\main\AndroidManifest.xml:86:21-42
111                <data
111-->src\main\AndroidManifest.xml:61:17-60
112                    android:host="*"
112-->src\main\AndroidManifest.xml:84:21-37
113                    android:pathPattern=".*\\.ppt"
113-->src\main\AndroidManifest.xml:85:21-51
114                    android:scheme="file" />
114-->src\main\AndroidManifest.xml:86:21-42
115                <data
115-->src\main\AndroidManifest.xml:61:17-60
116                    android:host="*"
116-->src\main\AndroidManifest.xml:84:21-37
117                    android:pathPattern=".*\\.PPT"
117-->src\main\AndroidManifest.xml:85:21-51
118                    android:scheme="file" />
118-->src\main\AndroidManifest.xml:86:21-42
119                <data
119-->src\main\AndroidManifest.xml:61:17-60
120                    android:host="*"
120-->src\main\AndroidManifest.xml:84:21-37
121                    android:pathPattern=".*\\.pptx"
121-->src\main\AndroidManifest.xml:85:21-51
122                    android:scheme="file" />
122-->src\main\AndroidManifest.xml:86:21-42
123                <data
123-->src\main\AndroidManifest.xml:61:17-60
124                    android:host="*"
124-->src\main\AndroidManifest.xml:84:21-37
125                    android:pathPattern=".*\\.PPTX"
125-->src\main\AndroidManifest.xml:85:21-51
126                    android:scheme="file" />
126-->src\main\AndroidManifest.xml:86:21-42
127                <data
127-->src\main\AndroidManifest.xml:61:17-60
128                    android:host="*"
128-->src\main\AndroidManifest.xml:84:21-37
129                    android:pathPattern=".*\\.xls"
129-->src\main\AndroidManifest.xml:85:21-51
130                    android:scheme="file" />
130-->src\main\AndroidManifest.xml:86:21-42
131                <data
131-->src\main\AndroidManifest.xml:61:17-60
132                    android:host="*"
132-->src\main\AndroidManifest.xml:84:21-37
133                    android:pathPattern=".*\\.XLS"
133-->src\main\AndroidManifest.xml:85:21-51
134                    android:scheme="file" />
134-->src\main\AndroidManifest.xml:86:21-42
135                <data
135-->src\main\AndroidManifest.xml:61:17-60
136                    android:host="*"
136-->src\main\AndroidManifest.xml:84:21-37
137                    android:pathPattern=".*\\.xlsx"
137-->src\main\AndroidManifest.xml:85:21-51
138                    android:scheme="file" />
138-->src\main\AndroidManifest.xml:86:21-42
139                <data
139-->src\main\AndroidManifest.xml:61:17-60
140                    android:host="*"
140-->src\main\AndroidManifest.xml:84:21-37
141                    android:pathPattern=".*\\.XLSX"
141-->src\main\AndroidManifest.xml:85:21-51
142                    android:scheme="file" />
142-->src\main\AndroidManifest.xml:86:21-42
143                <data
143-->src\main\AndroidManifest.xml:61:17-60
144                    android:host="*"
144-->src\main\AndroidManifest.xml:84:21-37
145                    android:pathPattern=".*\\.jpg"
145-->src\main\AndroidManifest.xml:85:21-51
146                    android:scheme="file" />
146-->src\main\AndroidManifest.xml:86:21-42
147                <data
147-->src\main\AndroidManifest.xml:61:17-60
148                    android:host="*"
148-->src\main\AndroidManifest.xml:84:21-37
149                    android:pathPattern=".*\\.JPG"
149-->src\main\AndroidManifest.xml:85:21-51
150                    android:scheme="file" />
150-->src\main\AndroidManifest.xml:86:21-42
151                <data
151-->src\main\AndroidManifest.xml:61:17-60
152                    android:host="*"
152-->src\main\AndroidManifest.xml:84:21-37
153                    android:pathPattern=".*\\.png"
153-->src\main\AndroidManifest.xml:85:21-51
154                    android:scheme="file" />
154-->src\main\AndroidManifest.xml:86:21-42
155                <data
155-->src\main\AndroidManifest.xml:61:17-60
156                    android:host="*"
156-->src\main\AndroidManifest.xml:84:21-37
157                    android:pathPattern=".*\\.PNG"
157-->src\main\AndroidManifest.xml:85:21-51
158                    android:scheme="file" />
158-->src\main\AndroidManifest.xml:86:21-42
159                <data
159-->src\main\AndroidManifest.xml:61:17-60
160                    android:host="*"
160-->src\main\AndroidManifest.xml:84:21-37
161                    android:pathPattern=".*\\.jpeg"
161-->src\main\AndroidManifest.xml:85:21-51
162                    android:scheme="file" />
162-->src\main\AndroidManifest.xml:86:21-42
163                <data
163-->src\main\AndroidManifest.xml:61:17-60
164                    android:host="*"
164-->src\main\AndroidManifest.xml:84:21-37
165                    android:pathPattern=".*\\.JPEG"
165-->src\main\AndroidManifest.xml:85:21-51
166                    android:scheme="file" />
166-->src\main\AndroidManifest.xml:86:21-42
167                <data
167-->src\main\AndroidManifest.xml:61:17-60
168                    android:host="*"
168-->src\main\AndroidManifest.xml:84:21-37
169                    android:pathPattern=".*\\.gif"
169-->src\main\AndroidManifest.xml:85:21-51
170                    android:scheme="file" />
170-->src\main\AndroidManifest.xml:86:21-42
171                <data
171-->src\main\AndroidManifest.xml:61:17-60
172                    android:host="*"
172-->src\main\AndroidManifest.xml:84:21-37
173                    android:pathPattern=".*\\.GIF"
173-->src\main\AndroidManifest.xml:85:21-51
174                    android:scheme="file" />
174-->src\main\AndroidManifest.xml:86:21-42
175                <data
175-->src\main\AndroidManifest.xml:61:17-60
176                    android:host="*"
176-->src\main\AndroidManifest.xml:84:21-37
177                    android:pathPattern=".*\\.bmp"
177-->src\main\AndroidManifest.xml:85:21-51
178                    android:scheme="file" />
178-->src\main\AndroidManifest.xml:86:21-42
179                <data
179-->src\main\AndroidManifest.xml:61:17-60
180                    android:host="*"
180-->src\main\AndroidManifest.xml:84:21-37
181                    android:pathPattern=".*\\.BMP"
181-->src\main\AndroidManifest.xml:85:21-51
182                    android:scheme="file" />
182-->src\main\AndroidManifest.xml:86:21-42
183                <data
183-->src\main\AndroidManifest.xml:61:17-60
184                    android:host="*"
184-->src\main\AndroidManifest.xml:84:21-37
185                    android:pathPattern=".*\\.tif"
185-->src\main\AndroidManifest.xml:85:21-51
186                    android:scheme="file" />
186-->src\main\AndroidManifest.xml:86:21-42
187                <data
187-->src\main\AndroidManifest.xml:61:17-60
188                    android:host="*"
188-->src\main\AndroidManifest.xml:84:21-37
189                    android:pathPattern=".*\\.TIF"
189-->src\main\AndroidManifest.xml:85:21-51
190                    android:scheme="file" />
190-->src\main\AndroidManifest.xml:86:21-42
191                <data
191-->src\main\AndroidManifest.xml:61:17-60
192                    android:host="*"
192-->src\main\AndroidManifest.xml:84:21-37
193                    android:pathPattern=".*\\.tiff"
193-->src\main\AndroidManifest.xml:85:21-51
194                    android:scheme="file" />
194-->src\main\AndroidManifest.xml:86:21-42
195                <data
195-->src\main\AndroidManifest.xml:61:17-60
196                    android:host="*"
196-->src\main\AndroidManifest.xml:84:21-37
197                    android:pathPattern=".*\\.TIFF"
197-->src\main\AndroidManifest.xml:85:21-51
198                    android:scheme="file" />
198-->src\main\AndroidManifest.xml:86:21-42
199                <data
199-->src\main\AndroidManifest.xml:61:17-60
200                    android:host="*"
200-->src\main\AndroidManifest.xml:84:21-37
201                    android:pathPattern=".*\\.cbz"
201-->src\main\AndroidManifest.xml:85:21-51
202                    android:scheme="file" />
202-->src\main\AndroidManifest.xml:86:21-42
203                <data
203-->src\main\AndroidManifest.xml:61:17-60
204                    android:host="*"
204-->src\main\AndroidManifest.xml:84:21-37
205                    android:pathPattern=".*\\.CBZ"
205-->src\main\AndroidManifest.xml:85:21-51
206                    android:scheme="file" />
206-->src\main\AndroidManifest.xml:86:21-42
207                <data
207-->src\main\AndroidManifest.xml:61:17-60
208                    android:host="*"
208-->src\main\AndroidManifest.xml:84:21-37
209                    android:pathPattern=".*\\.md"
209-->src\main\AndroidManifest.xml:85:21-51
210                    android:scheme="file" />
210-->src\main\AndroidManifest.xml:86:21-42
211                <data
211-->src\main\AndroidManifest.xml:61:17-60
212                    android:host="*"
212-->src\main\AndroidManifest.xml:84:21-37
213                    android:pathPattern=".*\\.MD"
213-->src\main\AndroidManifest.xml:85:21-51
214                    android:scheme="file" />
214-->src\main\AndroidManifest.xml:86:21-42
215            </intent-filter>
216            <intent-filter>
216-->src\main\AndroidManifest.xml:213:13-443:29
217                <action android:name="android.intent.action.VIEW" />
217-->src\main\AndroidManifest.xml:56:17-69
217-->src\main\AndroidManifest.xml:56:25-66
218
219                <category android:name="android.intent.category.DEFAULT" />
219-->src\main\AndroidManifest.xml:59:17-76
219-->src\main\AndroidManifest.xml:59:27-73
220                <category android:name="android.intent.category.BROWSABLE" />
220-->src\main\AndroidManifest.xml:217:17-78
220-->src\main\AndroidManifest.xml:217:27-75
221
222                <data
222-->src\main\AndroidManifest.xml:61:17-60
223                    android:host="*"
223-->src\main\AndroidManifest.xml:84:21-37
224                    android:pathPattern=".*\\.pdf"
224-->src\main\AndroidManifest.xml:85:21-51
225                    android:scheme="http" />
225-->src\main\AndroidManifest.xml:86:21-42
226                <data
226-->src\main\AndroidManifest.xml:61:17-60
227                    android:host="*"
227-->src\main\AndroidManifest.xml:84:21-37
228                    android:pathPattern=".*\\.pdf"
228-->src\main\AndroidManifest.xml:85:21-51
229                    android:scheme="https" />
229-->src\main\AndroidManifest.xml:86:21-42
230                <data
230-->src\main\AndroidManifest.xml:61:17-60
231                    android:host="*"
231-->src\main\AndroidManifest.xml:84:21-37
232                    android:pathPattern=".*\\.PDF"
232-->src\main\AndroidManifest.xml:85:21-51
233                    android:scheme="http" />
233-->src\main\AndroidManifest.xml:86:21-42
234                <data
234-->src\main\AndroidManifest.xml:61:17-60
235                    android:host="*"
235-->src\main\AndroidManifest.xml:84:21-37
236                    android:pathPattern=".*\\.PDF"
236-->src\main\AndroidManifest.xml:85:21-51
237                    android:scheme="https" />
237-->src\main\AndroidManifest.xml:86:21-42
238                <data
238-->src\main\AndroidManifest.xml:61:17-60
239                    android:host="*"
239-->src\main\AndroidManifest.xml:84:21-37
240                    android:pathPattern=".*\\.doc"
240-->src\main\AndroidManifest.xml:85:21-51
241                    android:scheme="http" />
241-->src\main\AndroidManifest.xml:86:21-42
242                <data
242-->src\main\AndroidManifest.xml:61:17-60
243                    android:host="*"
243-->src\main\AndroidManifest.xml:84:21-37
244                    android:pathPattern=".*\\.doc"
244-->src\main\AndroidManifest.xml:85:21-51
245                    android:scheme="https" />
245-->src\main\AndroidManifest.xml:86:21-42
246                <data
246-->src\main\AndroidManifest.xml:61:17-60
247                    android:host="*"
247-->src\main\AndroidManifest.xml:84:21-37
248                    android:pathPattern=".*\\.DOC"
248-->src\main\AndroidManifest.xml:85:21-51
249                    android:scheme="http" />
249-->src\main\AndroidManifest.xml:86:21-42
250                <data
250-->src\main\AndroidManifest.xml:61:17-60
251                    android:host="*"
251-->src\main\AndroidManifest.xml:84:21-37
252                    android:pathPattern=".*\\.DOC"
252-->src\main\AndroidManifest.xml:85:21-51
253                    android:scheme="https" />
253-->src\main\AndroidManifest.xml:86:21-42
254                <data
254-->src\main\AndroidManifest.xml:61:17-60
255                    android:host="*"
255-->src\main\AndroidManifest.xml:84:21-37
256                    android:pathPattern=".*\\.docx"
256-->src\main\AndroidManifest.xml:85:21-51
257                    android:scheme="http" />
257-->src\main\AndroidManifest.xml:86:21-42
258                <data
258-->src\main\AndroidManifest.xml:61:17-60
259                    android:host="*"
259-->src\main\AndroidManifest.xml:84:21-37
260                    android:pathPattern=".*\\.docx"
260-->src\main\AndroidManifest.xml:85:21-51
261                    android:scheme="https" />
261-->src\main\AndroidManifest.xml:86:21-42
262                <data
262-->src\main\AndroidManifest.xml:61:17-60
263                    android:host="*"
263-->src\main\AndroidManifest.xml:84:21-37
264                    android:pathPattern=".*\\.DOCX"
264-->src\main\AndroidManifest.xml:85:21-51
265                    android:scheme="http" />
265-->src\main\AndroidManifest.xml:86:21-42
266                <data
266-->src\main\AndroidManifest.xml:61:17-60
267                    android:host="*"
267-->src\main\AndroidManifest.xml:84:21-37
268                    android:pathPattern=".*\\.DOCX"
268-->src\main\AndroidManifest.xml:85:21-51
269                    android:scheme="https" />
269-->src\main\AndroidManifest.xml:86:21-42
270                <data
270-->src\main\AndroidManifest.xml:61:17-60
271                    android:host="*"
271-->src\main\AndroidManifest.xml:84:21-37
272                    android:pathPattern=".*\\.ppt"
272-->src\main\AndroidManifest.xml:85:21-51
273                    android:scheme="http" />
273-->src\main\AndroidManifest.xml:86:21-42
274                <data
274-->src\main\AndroidManifest.xml:61:17-60
275                    android:host="*"
275-->src\main\AndroidManifest.xml:84:21-37
276                    android:pathPattern=".*\\.ppt"
276-->src\main\AndroidManifest.xml:85:21-51
277                    android:scheme="https" />
277-->src\main\AndroidManifest.xml:86:21-42
278                <data
278-->src\main\AndroidManifest.xml:61:17-60
279                    android:host="*"
279-->src\main\AndroidManifest.xml:84:21-37
280                    android:pathPattern=".*\\.PPT"
280-->src\main\AndroidManifest.xml:85:21-51
281                    android:scheme="http" />
281-->src\main\AndroidManifest.xml:86:21-42
282                <data
282-->src\main\AndroidManifest.xml:61:17-60
283                    android:host="*"
283-->src\main\AndroidManifest.xml:84:21-37
284                    android:pathPattern=".*\\.PPT"
284-->src\main\AndroidManifest.xml:85:21-51
285                    android:scheme="https" />
285-->src\main\AndroidManifest.xml:86:21-42
286                <data
286-->src\main\AndroidManifest.xml:61:17-60
287                    android:host="*"
287-->src\main\AndroidManifest.xml:84:21-37
288                    android:pathPattern=".*\\.pptx"
288-->src\main\AndroidManifest.xml:85:21-51
289                    android:scheme="http" />
289-->src\main\AndroidManifest.xml:86:21-42
290                <data
290-->src\main\AndroidManifest.xml:61:17-60
291                    android:host="*"
291-->src\main\AndroidManifest.xml:84:21-37
292                    android:pathPattern=".*\\.pptx"
292-->src\main\AndroidManifest.xml:85:21-51
293                    android:scheme="https" />
293-->src\main\AndroidManifest.xml:86:21-42
294                <data
294-->src\main\AndroidManifest.xml:61:17-60
295                    android:host="*"
295-->src\main\AndroidManifest.xml:84:21-37
296                    android:pathPattern=".*\\.PPTX"
296-->src\main\AndroidManifest.xml:85:21-51
297                    android:scheme="http" />
297-->src\main\AndroidManifest.xml:86:21-42
298                <data
298-->src\main\AndroidManifest.xml:61:17-60
299                    android:host="*"
299-->src\main\AndroidManifest.xml:84:21-37
300                    android:pathPattern=".*\\.PPTX"
300-->src\main\AndroidManifest.xml:85:21-51
301                    android:scheme="https" />
301-->src\main\AndroidManifest.xml:86:21-42
302                <data
302-->src\main\AndroidManifest.xml:61:17-60
303                    android:host="*"
303-->src\main\AndroidManifest.xml:84:21-37
304                    android:pathPattern=".*\\.xls"
304-->src\main\AndroidManifest.xml:85:21-51
305                    android:scheme="http" />
305-->src\main\AndroidManifest.xml:86:21-42
306                <data
306-->src\main\AndroidManifest.xml:61:17-60
307                    android:host="*"
307-->src\main\AndroidManifest.xml:84:21-37
308                    android:pathPattern=".*\\.xls"
308-->src\main\AndroidManifest.xml:85:21-51
309                    android:scheme="https" />
309-->src\main\AndroidManifest.xml:86:21-42
310                <data
310-->src\main\AndroidManifest.xml:61:17-60
311                    android:host="*"
311-->src\main\AndroidManifest.xml:84:21-37
312                    android:pathPattern=".*\\.XLS"
312-->src\main\AndroidManifest.xml:85:21-51
313                    android:scheme="http" />
313-->src\main\AndroidManifest.xml:86:21-42
314                <data
314-->src\main\AndroidManifest.xml:61:17-60
315                    android:host="*"
315-->src\main\AndroidManifest.xml:84:21-37
316                    android:pathPattern=".*\\.XLS"
316-->src\main\AndroidManifest.xml:85:21-51
317                    android:scheme="https" />
317-->src\main\AndroidManifest.xml:86:21-42
318                <data
318-->src\main\AndroidManifest.xml:61:17-60
319                    android:host="*"
319-->src\main\AndroidManifest.xml:84:21-37
320                    android:pathPattern=".*\\.xlsx"
320-->src\main\AndroidManifest.xml:85:21-51
321                    android:scheme="http" />
321-->src\main\AndroidManifest.xml:86:21-42
322                <data
322-->src\main\AndroidManifest.xml:61:17-60
323                    android:host="*"
323-->src\main\AndroidManifest.xml:84:21-37
324                    android:pathPattern=".*\\.xlsx"
324-->src\main\AndroidManifest.xml:85:21-51
325                    android:scheme="https" />
325-->src\main\AndroidManifest.xml:86:21-42
326                <data
326-->src\main\AndroidManifest.xml:61:17-60
327                    android:host="*"
327-->src\main\AndroidManifest.xml:84:21-37
328                    android:pathPattern=".*\\.XLSX"
328-->src\main\AndroidManifest.xml:85:21-51
329                    android:scheme="http" />
329-->src\main\AndroidManifest.xml:86:21-42
330                <data
330-->src\main\AndroidManifest.xml:61:17-60
331                    android:host="*"
331-->src\main\AndroidManifest.xml:84:21-37
332                    android:pathPattern=".*\\.XLSX"
332-->src\main\AndroidManifest.xml:85:21-51
333                    android:scheme="https" />
333-->src\main\AndroidManifest.xml:86:21-42
334                <data
334-->src\main\AndroidManifest.xml:61:17-60
335                    android:host="*"
335-->src\main\AndroidManifest.xml:84:21-37
336                    android:pathPattern=".*\\.jpeg"
336-->src\main\AndroidManifest.xml:85:21-51
337                    android:scheme="http" />
337-->src\main\AndroidManifest.xml:86:21-42
338                <data
338-->src\main\AndroidManifest.xml:61:17-60
339                    android:host="*"
339-->src\main\AndroidManifest.xml:84:21-37